Arguments: 
  /usr/bin/node /usr/share/yarn/bin/yarn.js add sass bootstrap bootstrap-icons @popperjs/core

PATH: 
  /home/caio/.rbenv/shims:/home/caio/.rbenv/bin:/home/caio/.rbenv/shims:/home/caio/.rbenv/bin:/usr/local/sbin:/usr/local/bin:/usr/sbin:/usr/bin:/sbin:/bin:/usr/games:/usr/local/games:/snap/bin:/snap/bin

Yarn version: 
  1.22.19

Node version: 
  18.16.0

Platform: 
  linux x64

Trace: 
  Error: connect ENETUNREACH 2606:4700::6810:1823:443
      at TCPConnectWrap.afterConnect [as oncomplete] (node:net:1494:16)

npm manifest: 
  {
    "name": "app",
    "private": "true",
    "scripts": {
      "build:css:compile": "sass ./app/assets/stylesheets/application.bootstrap.scss:./app/assets/builds/application.css --no-source-map --load-path=node_modules",
      "build:css:prefix": "postcss ./app/assets/builds/application.css --use=autoprefixer --output=./app/assets/builds/application.css",
      "build:css": "yarn build:css:compile && yarn build:css:prefix",
      "watch:css": "nodemon --watch ./app/assets/stylesheets/ --ext scss --exec \"yarn build:css\""
    },
    "browserslist": [
      "defaults"
    ]
  }

yarn manifest: 
  No manifest

Lockfile: 
  No lockfile
